{"C:\\Users\\iagoln\\Documents\\botblip\\bot-blip\\api\\gitHubApi.js": {"path":"C:\\Users\\iagoln\\Documents\\botblip\\bot-blip\\api\\gitHubApi.js","statementMap":{"0":{"start":{"line":1,"column":0},"end":{"line":1,"column":27}},"1":{"start":{"line":2,"column":14},"end":{"line":2,"column":30}},"2":{"start":{"line":4,"column":18},"end":{"line":6,"column":2}},"3":{"start":{"line":8,"column":0},"end":{"line":8,"column":27}}},"fnMap":{},"branchMap":{},"s":{"0":2,"1":2,"2":2,"3":2},"f":{},"b":{},"_coverageSchema":"1a1c01bbd47fc00a2c39e90264f33305004495a9","hash":"28c78381ebf7dfc30665882955e77be160f9e457"}
,"C:\\Users\\iagoln\\Documents\\botblip\\bot-blip\\middlewares\\log.js": {"path":"C:\\Users\\iagoln\\Documents\\botblip\\bot-blip\\middlewares\\log.js","statementMap":{"0":{"start":{"line":1,"column":45},"end":{"line":1,"column":63}},"1":{"start":{"line":3,"column":47},"end":{"line":3,"column":53}},"2":{"start":{"line":4,"column":14},"end":{"line":4,"column":30}},"3":{"start":{"line":5,"column":16},"end":{"line":5,"column":37}},"4":{"start":{"line":6,"column":0},"end":{"line":6,"column":27}},"5":{"start":{"line":8,"column":16},"end":{"line":16,"column":2}},"6":{"start":{"line":9,"column":2},"end":{"line":11,"column":3}},"7":{"start":{"line":10,"column":4},"end":{"line":10,"column":57}},"8":{"start":{"line":12,"column":2},"end":{"line":14,"column":3}},"9":{"start":{"line":13,"column":4},"end":{"line":13,"column":73}},"10":{"start":{"line":15,"column":2},"end":{"line":15,"column":45}},"11":{"start":{"line":18,"column":15},"end":{"line":32,"column":2}},"12":{"start":{"line":34,"column":0},"end":{"line":34,"column":28}}},"fnMap":{"0":{"name":"(anonymous_0)","decl":{"start":{"line":8,"column":23},"end":{"line":8,"column":24}},"loc":{"start":{"line":8,"column":47},"end":{"line":16,"column":1}},"line":8}},"branchMap":{"0":{"loc":{"start":{"line":9,"column":2},"end":{"line":11,"column":3}},"type":"if","locations":[{"start":{"line":9,"column":2},"end":{"line":11,"column":3}},{"start":{"line":9,"column":2},"end":{"line":11,"column":3}}],"line":9},"1":{"loc":{"start":{"line":12,"column":2},"end":{"line":14,"column":3}},"type":"if","locations":[{"start":{"line":12,"column":2},"end":{"line":14,"column":3}},{"start":{"line":12,"column":2},"end":{"line":14,"column":3}}],"line":12}},"s":{"0":2,"1":2,"2":2,"3":2,"4":2,"5":2,"6":0,"7":0,"8":0,"9":0,"10":0,"11":2,"12":2},"f":{"0":0},"b":{"0":[0,0],"1":[0,0]},"_coverageSchema":"1a1c01bbd47fc00a2c39e90264f33305004495a9","hash":"8f6f330bf67258b6854c355dfa76a3bc3c982bd0"}
,"C:\\Users\\iagoln\\Documents\\botblip\\bot-blip\\model\\CardCarrossel.js": {"path":"C:\\Users\\iagoln\\Documents\\botblip\\bot-blip\\model\\CardCarrossel.js","statementMap":{"0":{"start":{"line":3,"column":4},"end":{"line":3,"column":25}},"1":{"start":{"line":4,"column":4},"end":{"line":4,"column":31}},"2":{"start":{"line":5,"column":4},"end":{"line":5,"column":35}},"3":{"start":{"line":6,"column":4},"end":{"line":6,"column":19}},"4":{"start":{"line":10,"column":0},"end":{"line":10,"column":32}}},"fnMap":{"0":{"name":"(anonymous_0)","decl":{"start":{"line":2,"column":2},"end":{"line":2,"column":3}},"loc":{"start":{"line":2,"column":51},"end":{"line":7,"column":3}},"line":2}},"branchMap":{},"s":{"0":5,"1":5,"2":5,"3":5,"4":2},"f":{"0":5},"b":{},"_coverageSchema":"1a1c01bbd47fc00a2c39e90264f33305004495a9","hash":"4b6a9596ec6075558fce83ffc680fa30a1b4e648"}
,"C:\\Users\\iagoln\\Documents\\botblip\\bot-blip\\service\\RepositorioService.js": {"path":"C:\\Users\\iagoln\\Documents\\botblip\\bot-blip\\service\\RepositorioService.js","statementMap":{"0":{"start":{"line":1,"column":18},"end":{"line":1,"column":45}},"1":{"start":{"line":2,"column":22},"end":{"line":2,"column":55}},"2":{"start":{"line":3,"column":12},"end":{"line":3,"column":41}},"3":{"start":{"line":6,"column":4},"end":{"line":15,"column":3}},"4":{"start":{"line":7,"column":21},"end":{"line":7,"column":58}},"5":{"start":{"line":8,"column":25},"end":{"line":10,"column":6}},"6":{"start":{"line":12,"column":4},"end":{"line":12,"column":24}},"7":{"start":{"line":14,"column":4},"end":{"line":14,"column":72}},"8":{"start":{"line":18,"column":4},"end":{"line":27,"column":5}},"9":{"start":{"line":19,"column":6},"end":{"line":23,"column":7}},"10":{"start":{"line":20,"column":8},"end":{"line":22,"column":10}},"11":{"start":{"line":24,"column":6},"end":{"line":24,"column":19}},"12":{"start":{"line":26,"column":6},"end":{"line":26,"column":63}},"13":{"start":{"line":30,"column":4},"end":{"line":51,"column":5}},"14":{"start":{"line":31,"column":28},"end":{"line":31,"column":30}},"15":{"start":{"line":32,"column":6},"end":{"line":47,"column":7}},"16":{"start":{"line":33,"column":25},"end":{"line":33,"column":67}},"17":{"start":{"line":34,"column":29},"end":{"line":34,"column":42}},"18":{"start":{"line":35,"column":8},"end":{"line":40,"column":9}},"19":{"start":{"line":39,"column":10},"end":{"line":39,"column":16}},"20":{"start":{"line":41,"column":8},"end":{"line":45,"column":10}},"21":{"start":{"line":43,"column":12},"end":{"line":43,"column":61}},"22":{"start":{"line":46,"column":8},"end":{"line":46,"column":22}},"23":{"start":{"line":48,"column":6},"end":{"line":48,"column":51}},"24":{"start":{"line":50,"column":6},"end":{"line":50,"column":60}},"25":{"start":{"line":54,"column":4},"end":{"line":74,"column":5}},"26":{"start":{"line":55,"column":22},"end":{"line":55,"column":24}},"27":{"start":{"line":56,"column":35},"end":{"line":60,"column":7}},"28":{"start":{"line":61,"column":6},"end":{"line":70,"column":7}},"29":{"start":{"line":62,"column":8},"end":{"line":69,"column":10}},"30":{"start":{"line":71,"column":6},"end":{"line":71,"column":23}},"31":{"start":{"line":73,"column":6},"end":{"line":73,"column":74}},"32":{"start":{"line":78,"column":0},"end":{"line":78,"column":43}}},"fnMap":{"0":{"name":"(anonymous_0)","decl":{"start":{"line":5,"column":2},"end":{"line":5,"column":3}},"loc":{"start":{"line":5,"column":40},"end":{"line":16,"column":3}},"line":5},"1":{"name":"(anonymous_1)","decl":{"start":{"line":17,"column":2},"end":{"line":17,"column":3}},"loc":{"start":{"line":17,"column":53},"end":{"line":28,"column":3}},"line":17},"2":{"name":"(anonymous_2)","decl":{"start":{"line":29,"column":2},"end":{"line":29,"column":3}},"loc":{"start":{"line":29,"column":69},"end":{"line":52,"column":3}},"line":29},"3":{"name":"(anonymous_3)","decl":{"start":{"line":42,"column":33},"end":{"line":42,"column":34}},"loc":{"start":{"line":42,"column":43},"end":{"line":44,"column":11}},"line":42},"4":{"name":"(anonymous_4)","decl":{"start":{"line":53,"column":2},"end":{"line":53,"column":3}},"loc":{"start":{"line":53,"column":56},"end":{"line":75,"column":3}},"line":53}},"branchMap":{"0":{"loc":{"start":{"line":19,"column":6},"end":{"line":23,"column":7}},"type":"if","locations":[{"start":{"line":19,"column":6},"end":{"line":23,"column":7}},{"start":{"line":19,"column":6},"end":{"line":23,"column":7}}],"line":19},"1":{"loc":{"start":{"line":19,"column":10},"end":{"line":19,"column":50}},"type":"binary-expr","locations":[{"start":{"line":19,"column":10},"end":{"line":19,"column":29}},{"start":{"line":19,"column":33},"end":{"line":19,"column":50}}],"line":19},"2":{"loc":{"start":{"line":35,"column":8},"end":{"line":40,"column":9}},"type":"if","locations":[{"start":{"line":35,"column":8},"end":{"line":40,"column":9}},{"start":{"line":35,"column":8},"end":{"line":40,"column":9}}],"line":35},"3":{"loc":{"start":{"line":36,"column":10},"end":{"line":37,"column":47}},"type":"binary-expr","locations":[{"start":{"line":36,"column":10},"end":{"line":36,"column":35}},{"start":{"line":37,"column":10},"end":{"line":37,"column":47}}],"line":36}},"s":{"0":2,"1":2,"2":2,"3":6,"4":6,"5":6,"6":3,"7":0,"8":101,"9":101,"10":91,"11":10,"12":0,"13":2,"14":2,"15":2,"16":2,"17":2,"18":2,"19":0,"20":2,"21":99,"22":2,"23":2,"24":0,"25":1,"26":1,"27":1,"28":1,"29":5,"30":1,"31":0,"32":2},"f":{"0":6,"1":101,"2":2,"3":99,"4":1},"b":{"0":[91,10],"1":[101,91],"2":[0,2],"3":[2,2]},"_coverageSchema":"1a1c01bbd47fc00a2c39e90264f33305004495a9","hash":"0e7b8376cd4fe01d99b4a4a3ffb4941361786dcc"}
}
