TN:
SF:api\gitHubApi.js
FNF:0
FNH:0
DA:1,2
DA:2,2
DA:4,2
DA:8,2
LF:4
LH:4
BRF:0
BRH:0
end_of_record
TN:
SF:middlewares\log.js
FN:8,(anonymous_0)
FNF:1
FNH:0
FNDA:0,(anonymous_0)
DA:1,2
DA:3,2
DA:4,2
DA:5,2
DA:6,2
DA:8,2
DA:9,0
DA:10,0
DA:12,0
DA:13,0
DA:15,0
DA:18,2
DA:34,2
LF:13
LH:8
BRDA:9,0,0,0
BRDA:9,0,1,0
BRDA:12,1,0,0
BRDA:12,1,1,0
BRF:4
BRH:0
end_of_record
TN:
SF:model\CardCarrossel.js
FN:2,(anonymous_0)
FNF:1
FNH:1
FNDA:5,(anonymous_0)
DA:3,5
DA:4,5
DA:5,5
DA:6,5
DA:10,2
LF:5
LH:5
BRF:0
BRH:0
end_of_record
TN:
SF:service\RepositorioService.js
FN:5,(anonymous_0)
FN:17,(anonymous_1)
FN:29,(anonymous_2)
FN:42,(anonymous_3)
FN:53,(anonymous_4)
FNF:5
FNH:5
FNDA:6,(anonymous_0)
FNDA:101,(anonymous_1)
FNDA:2,(anonymous_2)
FNDA:99,(anonymous_3)
FNDA:1,(anonymous_4)
DA:1,2
DA:2,2
DA:3,2
DA:6,6
DA:7,6
DA:8,6
DA:12,3
DA:14,0
DA:18,101
DA:19,101
DA:20,91
DA:24,10
DA:26,0
DA:30,2
DA:31,2
DA:32,2
DA:33,2
DA:34,2
DA:35,2
DA:39,0
DA:41,2
DA:43,99
DA:46,2
DA:48,2
DA:50,0
DA:54,1
DA:55,1
DA:56,1
DA:61,1
DA:62,5
DA:71,1
DA:73,0
DA:78,2
LF:33
LH:28
BRDA:19,0,0,91
BRDA:19,0,1,10
BRDA:19,1,0,101
BRDA:19,1,1,91
BRDA:35,2,0,0
BRDA:35,2,1,2
BRDA:36,3,0,2
BRDA:36,3,1,2
BRF:8
BRH:7
end_of_record
